<?xml version="1.0" encoding="UTF-8"?>
<!-- Generated by org.testng.reporters.JUnitXMLReporter -->
<testsuite hostname="Kamal" ignored="0" name="Default test" tests="3" failures="0" timestamp="2019-11-21T10:38:37 PST" time="18.577" errors="0">
  <testcase name="AlerMessage" time="2.086" classname="testCases.JavaScriptAlertTest"/>
  <testcase name="AlertBox" time="1.176" classname="testCases.JavaScriptAlertTest"/>
  <testcase name="ConfirmBox" time="1.172" classname="testCases.JavaScriptAlertTest"/>
</testsuite> <!-- Default test -->
