<?xml version="1.0" encoding="UTF-8"?>
<!-- Generated by org.testng.reporters.JUnitXMLReporter -->
<testsuite hostname="Kamal" ignored="0" name="Boost user login DatabaseConnection" tests="1" failures="0" timestamp="2019-11-20T10:40:34 PST" time="25.897" errors="0">
  <testcase name="@BeforeTest invokeBrowser" time="25.186" classname="testCases.BoostConnectDB">
    <failure type="org.openqa.selenium.TimeoutException" message="timeout
  (Session info: chrome=78.0.3904.97)
Build info: version: &amp;apos;3.141.59&amp;apos;, revision: &amp;apos;e82be7d358&amp;apos;, time: &amp;apos;2018-11-14T08:17:03&amp;apos;
System info: host: &amp;apos;KAMAL&amp;apos;, ip: &amp;apos;192.168.0.13&amp;apos;, os.name: &amp;apos;Windows 8.1&amp;apos;, os.arch: &amp;apos;amd64&amp;apos;, os.version: &amp;apos;6.3&amp;apos;, java.version: &amp;apos;1.8.0_231&amp;apos;
Driver info: org.openqa.selenium.chrome.ChromeDriver
Capabilities {acceptInsecureCerts: false, browserName: chrome, browserVersion: 78.0.3904.97, chrome: {chromedriverVersion: 77.0.3865.40 (f484704e052e0..., userDataDir: C:\Users\KAMALU~1\AppData\L...}, goog:chromeOptions: {debuggerAddress: localhost:51441}, javascriptEnabled: true, networkConnectionEnabled: false, pageLoadStrategy: normal, platform: XP, platformName: XP, proxy: Proxy(), setWindowRect: true, strictFileInteractability: false, timeouts: {implicit: 0, pageLoad: 300000, script: 30000}, unhandledPromptBehavior: dismiss and notify}
Session ID: c0a665ed3df3adaa3c930012bf94a15c">
      <![CDATA[org.openqa.selenium.TimeoutException: timeout
  (Session info: chrome=78.0.3904.97)
Build info: version: '3.141.59', revision: 'e82be7d358', time: '2018-11-14T08:17:03'
System info: host: 'KAMAL', ip: '192.168.0.13', os.name: 'Windows 8.1', os.arch: 'amd64', os.version: '6.3', java.version: '1.8.0_231'
Driver info: org.openqa.selenium.chrome.ChromeDriver
Capabilities {acceptInsecureCerts: false, browserName: chrome, browserVersion: 78.0.3904.97, chrome: {chromedriverVersion: 77.0.3865.40 (f484704e052e0..., userDataDir: C:\Users\KAMALU~1\AppData\L...}, goog:chromeOptions: {debuggerAddress: localhost:51441}, javascriptEnabled: true, networkConnectionEnabled: false, pageLoadStrategy: normal, platform: XP, platformName: XP, proxy: Proxy(), setWindowRect: true, strictFileInteractability: false, timeouts: {implicit: 0, pageLoad: 300000, script: 30000}, unhandledPromptBehavior: dismiss and notify}
Session ID: c0a665ed3df3adaa3c930012bf94a15c
at org.openqa.selenium.remote.http.W3CHttpResponseCodec.createException(W3CHttpResponseCodec.java:187)
at org.openqa.selenium.remote.http.W3CHttpResponseCodec.decode(W3CHttpResponseCodec.java:122)
at org.openqa.selenium.remote.http.W3CHttpResponseCodec.decode(W3CHttpResponseCodec.java:49)
at org.openqa.selenium.remote.HttpCommandExecutor.execute(HttpCommandExecutor.java:158)
at org.openqa.selenium.remote.service.DriverCommandExecutor.execute(DriverCommandExecutor.java:83)
at org.openqa.selenium.remote.RemoteWebDriver.execute(RemoteWebDriver.java:552)
at org.openqa.selenium.remote.RemoteWebDriver.get(RemoteWebDriver.java:277)
at testCases.BoostConnectDB.invokeBrowser(BoostConnectDB.java:26)
... Removed 28 stack frames]]>
    </failure>
  </testcase> <!-- @BeforeTest invokeBrowser -->
  <testcase name="@AfterTest Exit" time="-1.57427523392E9" classname="testCases.BoostConnectDB">
    <skipped/>
  </testcase> <!-- @AfterTest Exit -->
  <testcase name="SetUserData" time="0.0" classname="testCases.BoostConnectDB">
    <skipped/>
  </testcase> <!-- SetUserData -->
</testsuite> <!-- Boost user login DatabaseConnection -->
