<?xml version="1.0" encoding="UTF-8"?>
<!-- Generated by org.testng.reporters.JUnitXMLReporter -->
<testsuite hostname="Kamal" ignored="0" name="Java Script Alert Testing" tests="3" failures="0" timestamp="2019-11-23T08:06:43 PST" time="24.66" errors="0">
  <testcase name="AlerMessage" time="0.0" classname="testCases.JavaScriptAlertTest">
    <skipped/>
  </testcase> <!-- AlerMessage -->
  <testcase name="AlertBox" time="0.0" classname="testCases.JavaScriptAlertTest">
    <skipped/>
  </testcase> <!-- AlertBox -->
  <testcase name="ConfirmBox" time="0.0" classname="testCases.JavaScriptAlertTest">
    <skipped/>
  </testcase> <!-- ConfirmBox -->
</testsuite> <!-- Java Script Alert Testing -->
