<?xml version="1.0" encoding="UTF-8"?>
<!-- Generated by org.testng.reporters.JUnitXMLReporter -->
<testsuite hostname="Kamal" ignored="0" name="Java Script Alert Testing" tests="3" failures="0" timestamp="2019-11-23T08:14:46 PST" time="21.235" errors="0">
  <testcase name="AlerMessage" time="3.354" classname="testCases.JavaScriptAlertTest"/>
  <testcase name="AlertBox" time="1.166" classname="testCases.JavaScriptAlertTest"/>
  <testcase name="ConfirmBox" time="1.173" classname="testCases.JavaScriptAlertTest"/>
</testsuite> <!-- Java Script Alert Testing -->
