<?xml version="1.0" encoding="UTF-8"?>
<testsuite xmlns:xsi="http://www.w3.org/2001/XMLSchema-instance" xsi:noNamespaceSchemaLocation="https://maven.apache.org/surefire/maven-surefire-plugin/xsd/surefire-test-report-3.0.xsd" version="3.0" name="TestSuite" time="197.216" tests="15" errors="0" skipped="2" failures="2">
  <properties>
[...]
</properties>
  <testcase name="UserLoginInformation" classname="testCases.BoostMobileLoginTest" time="20.842">
    <failure message="timeout&#10;  (Session info: chrome=78.0.3904.108)&#10;Build info: version: &apos;3.141.59&apos;, revision: &apos;e82be7d358&apos;, time: &apos;2018-11-14T08:17:03&apos;&#10;System info: host: &apos;KAMAL&apos;, ip: &apos;192.168.0.13&apos;, os.name: &apos;Windows 8.1&apos;, os.arch: &apos;amd64&apos;, os.version: &apos;6.3&apos;, java.version: &apos;1.8.0_221&apos;&#10;Driver info: org.openqa.selenium.chrome.ChromeDriver&#10;Capabilities {acceptInsecureCerts: false, browserName: chrome, browserVersion: 78.0.3904.108, chrome: {chromedriverVersion: 77.0.3865.40 (f484704e052e0..., userDataDir: C:\Users\KAMALU~1\AppData\L...}, goog:chromeOptions: {debuggerAddress: localhost:59772}, javascriptEnabled: true, networkConnectionEnabled: false, pageLoadStrategy: normal, platform: XP, platformName: XP, proxy: Proxy(), setWindowRect: true, strictFileInteractability: false, timeouts: {implicit: 0, pageLoad: 300000, script: 30000}, unhandledPromptBehavior: dismiss and notify}&#10;Session ID: 40aefe7d5f839f7261cf194eb0033ffb" type="org.openqa.selenium.TimeoutException"><![CDATA[org.openqa.selenium.TimeoutException: 
timeout
  (Session info: chrome=78.0.3904.108)
Build info: version: '3.141.59', revision: 'e82be7d358', time: '2018-11-14T08:17:03'
System info: host: 'KAMAL', ip: '192.168.0.13', os.name: 'Windows 8.1', os.arch: 'amd64', os.version: '6.3', java.version: '1.8.0_221'
Driver info: org.openqa.selenium.chrome.ChromeDriver
Capabilities {acceptInsecureCerts: false, browserName: chrome, browserVersion: 78.0.3904.108, chrome: {chromedriverVersion: 77.0.3865.40 (f484704e052e0..., userDataDir: C:\Users\KAMALU~1\AppData\L...}, goog:chromeOptions: {debuggerAddress: localhost:59772}, javascriptEnabled: true, networkConnectionEnabled: false, pageLoadStrategy: normal, platform: XP, platformName: XP, proxy: Proxy(), setWindowRect: true, strictFileInteractability: false, timeouts: {implicit: 0, pageLoad: 300000, script: 30000}, unhandledPromptBehavior: dismiss and notify}
Session ID: 40aefe7d5f839f7261cf194eb0033ffb
	at testCases.BoostMobileLoginTest.UserLoginInformation(BoostMobileLoginTest.java:28)
]]></failure>
    <system-err><![CDATA[Starting ChromeDriver 77.0.3865.40 (f484704e052e0b556f8030b65b953dce96503217-refs/branch-heads/3865@{#442}) on port 17242
Only local connections are allowed.
Please protect ports used by ChromeDriver and related test frameworks to prevent access by malicious code.
[1574525571.152][WARNING]: This version of ChromeDriver has not been tested with Chrome version 78.
Nov 23, 2019 8:12:52 AM org.openqa.selenium.remote.ProtocolHandshake createSession
INFO: Detected dialect: W3C
[1574525593.547][SEVERE]: Timed out receiving message from renderer: 19.271
[1574525593.555][SEVERE]: Timed out receiving message from renderer: -0.008
]]></system-err>
  </testcase>
  <testcase name="UserLoginInformation" classname="testCases.BoostMobileLoginTest" time="24.62"/>
  <testcase name="invokeBrowser" classname="testCases.BoostConnectDB" time="49.189">
    <failure message="timeout&#10;  (Session info: chrome=78.0.3904.108)&#10;Build info: version: &apos;3.141.59&apos;, revision: &apos;e82be7d358&apos;, time: &apos;2018-11-14T08:17:03&apos;&#10;System info: host: &apos;KAMAL&apos;, ip: &apos;192.168.0.13&apos;, os.name: &apos;Windows 8.1&apos;, os.arch: &apos;amd64&apos;, os.version: &apos;6.3&apos;, java.version: &apos;1.8.0_221&apos;&#10;Driver info: org.openqa.selenium.chrome.ChromeDriver&#10;Capabilities {acceptInsecureCerts: false, browserName: chrome, browserVersion: 78.0.3904.108, chrome: {chromedriverVersion: 77.0.3865.40 (f484704e052e0..., userDataDir: C:\Users\KAMALU~1\AppData\L...}, goog:chromeOptions: {debuggerAddress: localhost:60222}, javascriptEnabled: true, networkConnectionEnabled: false, pageLoadStrategy: normal, platform: XP, platformName: XP, proxy: Proxy(), setWindowRect: true, strictFileInteractability: false, timeouts: {implicit: 0, pageLoad: 300000, script: 30000}, unhandledPromptBehavior: dismiss and notify}&#10;Session ID: ff1ed9094cc16c7abea1bca7632711c4" type="org.openqa.selenium.TimeoutException"><![CDATA[org.openqa.selenium.TimeoutException: 
timeout
  (Session info: chrome=78.0.3904.108)
Build info: version: '3.141.59', revision: 'e82be7d358', time: '2018-11-14T08:17:03'
System info: host: 'KAMAL', ip: '192.168.0.13', os.name: 'Windows 8.1', os.arch: 'amd64', os.version: '6.3', java.version: '1.8.0_221'
Driver info: org.openqa.selenium.chrome.ChromeDriver
Capabilities {acceptInsecureCerts: false, browserName: chrome, browserVersion: 78.0.3904.108, chrome: {chromedriverVersion: 77.0.3865.40 (f484704e052e0..., userDataDir: C:\Users\KAMALU~1\AppData\L...}, goog:chromeOptions: {debuggerAddress: localhost:60222}, javascriptEnabled: true, networkConnectionEnabled: false, pageLoadStrategy: normal, platform: XP, platformName: XP, proxy: Proxy(), setWindowRect: true, strictFileInteractability: false, timeouts: {implicit: 0, pageLoad: 300000, script: 30000}, unhandledPromptBehavior: dismiss and notify}
Session ID: ff1ed9094cc16c7abea1bca7632711c4
	at testCases.BoostConnectDB.invokeBrowser(BoostConnectDB.java:26)
]]></failure>
    <system-err><![CDATA[Starting ChromeDriver 77.0.3865.40 (f484704e052e0b556f8030b65b953dce96503217-refs/branch-heads/3865@{#442}) on port 3851
Only local connections are allowed.
Please protect ports used by ChromeDriver and related test frameworks to prevent access by malicious code.
[1574525621.221][WARNING]: This version of ChromeDriver has not been tested with Chrome version 78.
Nov 23, 2019 8:13:42 AM org.openqa.selenium.remote.ProtocolHandshake createSession
INFO: Detected dialect: W3C
[1574525643.500][SEVERE]: Timed out receiving message from renderer: 18.594
[1574525643.515][SEVERE]: Timed out receiving message from renderer: -0.014
]]></system-err>
  </testcase>
  <testcase name="SetUserData" classname="testCases.BoostConnectDB" time="0">
    <skipped message="timeout&#10;  (Session info: chrome=78.0.3904.108)&#10;Build info: version: &apos;3.141.59&apos;, revision: &apos;e82be7d358&apos;, time: &apos;2018-11-14T08:17:03&apos;&#10;System info: host: &apos;KAMAL&apos;, ip: &apos;192.168.0.13&apos;, os.name: &apos;Windows 8.1&apos;, os.arch: &apos;amd64&apos;, os.version: &apos;6.3&apos;, java.version: &apos;1.8.0_221&apos;&#10;Driver info: org.openqa.selenium.chrome.ChromeDriver&#10;Capabilities {acceptInsecureCerts: false, browserName: chrome, browserVersion: 78.0.3904.108, chrome: {chromedriverVersion: 77.0.3865.40 (f484704e052e0..., userDataDir: C:\Users\KAMALU~1\AppData\L...}, goog:chromeOptions: {debuggerAddress: localhost:60222}, javascriptEnabled: true, networkConnectionEnabled: false, pageLoadStrategy: normal, platform: XP, platformName: XP, proxy: Proxy(), setWindowRect: true, strictFileInteractability: false, timeouts: {implicit: 0, pageLoad: 300000, script: 30000}, unhandledPromptBehavior: dismiss and notify}&#10;Session ID: ff1ed9094cc16c7abea1bca7632711c4"/>
  </testcase>
  <testcase name="Exit" classname="testCases.BoostConnectDB" time="0">
    <skipped/>
  </testcase>
  <testcase name="landingPage" classname="testCases.LandingpageTest" time="16.545"/>
  <testcase name="validation" classname="testCases.LandingpageTest" time="0.036"/>
  <testcase name="AlerMessage" classname="testCases.JavaScriptAlertTest" time="3.354"/>
  <testcase name="AlertBox" classname="testCases.JavaScriptAlertTest" time="1.166"/>
  <testcase name="ConfirmBox" classname="testCases.JavaScriptAlertTest" time="1.173"/>
  <testcase name="DrapAndDrop" classname="testCases.DragAndDropTest" time="1.372"/>
  <testcase name="DownloadFile" classname="testCases.FileDownloadTest" time="4.127"/>
  <testcase name="clickMenuItem" classname="testCases.AlertMenuTest" time="4.111"/>
  <testcase name="doubleFormClick" classname="testCases.AlertMenuTest" time="3.66"/>
  <testcase name="BootStrapLstBox" classname="testCases.BoostStrapListBoxTest" time="2.729"/>
</testsuite>